# JRE version: OpenJDK Runtime Environment (21.0.5) (build 21.0.5+-13047016-b750.29)
# Java VM: OpenJDK 64-Bit Server VM (21.0.5+-13047016-b750.29, mixed mode, tiered, compressed oops, compressed class ptrs, g1 gc, windows-amd64)
GC Precious Log:
 CardTable entry size: 512
 Card Set container configuration: InlinePtr #cards 5 size 8 Array Of Cards #cards 12 size 40 Howl #buckets 4 coarsen threshold 1843 Howl Bitmap #cards 512 size 80 coarsen threshold 460 Card regions per heap region 1 cards per card region 2048
 CPUs: 8 total, 8 available
 Memory: 8035M
 Large Page Support: Disabled
 NUMA Support: Disabled
 Compressed Oops: Enabled (32-bit)
 Heap Region Size: 1M
 Heap Min Capacity: 8M
 Heap Initial Capacity: 126M
 Heap Max Capacity: 2010M
 Pre-touch: Disabled
 Parallel Workers: 8
 Concurrent Workers: 2
 Concurrent Refinement Workers: 8
 Periodic GC: Disabled
Heap:
 garbage-first heap   total 186368K, used 120455K [0x0000000082600000, 0x0000000100000000)
  region size 1024K, 6 young (6144K), 2 survivors (2048K)
 Metaspace       used 79388K, committed 80128K, reserved 1179648K
  class space    used 8201K, committed 8576K, reserved 1048576K
GC Heap History (20 events):
Event: 8.964 GC heap before
{Heap before GC invocations=27 (full 0):
 garbage-first heap   total 131072K, used 120818K [0x0000000082600000, 0x0000000100000000)
  region size 1024K, 66 young (67584K), 2 survivors (2048K)
 Metaspace       used 56735K, committed 57472K, reserved 1114112K
  class space    used 6300K, committed 6656K, reserved 1048576K
}
Event: 8.974 GC heap after
{Heap after GC invocations=28 (full 0):
 garbage-first heap   total 131072K, used 61136K [0x0000000082600000, 0x0000000100000000)
  region size 1024K, 7 young (7168K), 7 survivors (7168K)
 Metaspace       used 56735K, committed 57472K, reserved 1114112K
  class space    used 6300K, committed 6656K, reserved 1048576K
}
Event: 10.576 GC heap before
{Heap before GC invocations=29 (full 0):
 garbage-first heap   total 131072K, used 117456K [0x0000000082600000, 0x0000000100000000)
  region size 1024K, 61 young (62464K), 7 survivors (7168K)
 Metaspace       used 59062K, committed 59776K, reserved 1114112K
  class space    used 6491K, committed 6848K, reserved 1048576K
}
Event: 10.600 GC heap after
{Heap after GC invocations=30 (full 0):
 garbage-first heap   total 133120K, used 68708K [0x0000000082600000, 0x0000000100000000)
  region size 1024K, 8 young (8192K), 8 survivors (8192K)
 Metaspace       used 59062K, committed 59776K, reserved 1114112K
  class space    used 6491K, committed 6848K, reserved 1048576K
}
Event: 12.094 GC heap before
{Heap before GC invocations=30 (full 0):
 garbage-first heap   total 133120K, used 118884K [0x0000000082600000, 0x0000000100000000)
  region size 1024K, 55 young (56320K), 8 survivors (8192K)
 Metaspace       used 59788K, committed 60544K, reserved 1114112K
  class space    used 6524K, committed 6912K, reserved 1048576K
}
Event: 12.115 GC heap after
{Heap after GC invocations=31 (full 0):
 garbage-first heap   total 134144K, used 75623K [0x0000000082600000, 0x0000000100000000)
  region size 1024K, 6 young (6144K), 6 survivors (6144K)
 Metaspace       used 59788K, committed 60544K, reserved 1114112K
  class space    used 6524K, committed 6912K, reserved 1048576K
}
Event: 13.360 GC heap before
{Heap before GC invocations=31 (full 0):
 garbage-first heap   total 134144K, used 119655K [0x0000000082600000, 0x0000000100000000)
  region size 1024K, 49 young (50176K), 6 survivors (6144K)
 Metaspace       used 60256K, committed 61056K, reserved 1114112K
  class space    used 6545K, committed 6912K, reserved 1048576K
}
Event: 13.375 GC heap after
{Heap after GC invocations=32 (full 0):
 garbage-first heap   total 183296K, used 80730K [0x0000000082600000, 0x0000000100000000)
  region size 1024K, 6 young (6144K), 6 survivors (6144K)
 Metaspace       used 60256K, committed 61056K, reserved 1114112K
  class space    used 6545K, committed 6912K, reserved 1048576K
}
Event: 15.669 GC heap before
{Heap before GC invocations=33 (full 0):
 garbage-first heap   total 183296K, used 163674K [0x0000000082600000, 0x0000000100000000)
  region size 1024K, 87 young (89088K), 6 survivors (6144K)
 Metaspace       used 60946K, committed 61696K, reserved 1114112K
  class space    used 6579K, committed 6976K, reserved 1048576K
}
Event: 15.682 GC heap after
{Heap after GC invocations=34 (full 0):
 garbage-first heap   total 183296K, used 85993K [0x0000000082600000, 0x0000000100000000)
  region size 1024K, 11 young (11264K), 11 survivors (11264K)
 Metaspace       used 60946K, committed 61696K, reserved 1114112K
  class space    used 6579K, committed 6976K, reserved 1048576K
}
Event: 17.216 GC heap before
{Heap before GC invocations=34 (full 0):
 garbage-first heap   total 183296K, used 160745K [0x0000000082600000, 0x0000000100000000)
  region size 1024K, 84 young (86016K), 11 survivors (11264K)
 Metaspace       used 61876K, committed 62656K, reserved 1114112K
  class space    used 6621K, committed 7040K, reserved 1048576K
}
Event: 17.238 GC heap after
{Heap after GC invocations=35 (full 0):
 garbage-first heap   total 183296K, used 89088K [0x0000000082600000, 0x0000000100000000)
  region size 1024K, 9 young (9216K), 9 survivors (9216K)
 Metaspace       used 61876K, committed 62656K, reserved 1114112K
  class space    used 6621K, committed 7040K, reserved 1048576K
}
Event: 18.633 GC heap before
{Heap before GC invocations=35 (full 0):
 garbage-first heap   total 183296K, used 163840K [0x0000000082600000, 0x0000000100000000)
  region size 1024K, 82 young (83968K), 9 survivors (9216K)
 Metaspace       used 68380K, committed 69120K, reserved 1114112K
  class space    used 7225K, committed 7616K, reserved 1048576K
}
Event: 18.661 GC heap after
{Heap after GC invocations=36 (full 0):
 garbage-first heap   total 184320K, used 99573K [0x0000000082600000, 0x0000000100000000)
  region size 1024K, 11 young (11264K), 11 survivors (11264K)
 Metaspace       used 68380K, committed 69120K, reserved 1114112K
  class space    used 7225K, committed 7616K, reserved 1048576K
}
Event: 19.709 GC heap before
{Heap before GC invocations=37 (full 0):
 garbage-first heap   total 184320K, used 163061K [0x0000000082600000, 0x0000000100000000)
  region size 1024K, 73 young (74752K), 11 survivors (11264K)
 Metaspace       used 70824K, committed 71552K, reserved 1114112K
  class space    used 7497K, committed 7872K, reserved 1048576K
}
Event: 19.737 GC heap after
{Heap after GC invocations=38 (full 0):
 garbage-first heap   total 186368K, used 111616K [0x0000000082600000, 0x0000000100000000)
  region size 1024K, 10 young (10240K), 10 survivors (10240K)
 Metaspace       used 70824K, committed 71552K, reserved 1114112K
  class space    used 7497K, committed 7872K, reserved 1048576K
}
Event: 20.909 GC heap before
{Heap before GC invocations=38 (full 0):
 garbage-first heap   total 186368K, used 165888K [0x0000000082600000, 0x0000000100000000)
  region size 1024K, 63 young (64512K), 10 survivors (10240K)
 Metaspace       used 77965K, committed 78720K, reserved 1179648K
  class space    used 8105K, committed 8512K, reserved 1048576K
}
Event: 20.929 GC heap after
{Heap after GC invocations=39 (full 0):
 garbage-first heap   total 186368K, used 117363K [0x0000000082600000, 0x0000000100000000)
  region size 1024K, 6 young (6144K), 6 survivors (6144K)
 Metaspace       used 77965K, committed 78720K, reserved 1179648K
  class space    used 8105K, committed 8512K, reserved 1048576K
}
Event: 21.501 GC heap before
{Heap before GC invocations=39 (full 0):
 garbage-first heap   total 186368K, used 167539K [0x0000000082600000, 0x0000000100000000)
  region size 1024K, 55 young (56320K), 6 survivors (6144K)
 Metaspace       used 79369K, committed 80128K, reserved 1179648K
  class space    used 8201K, committed 8576K, reserved 1048576K
}
Event: 21.510 GC heap after
{Heap after GC invocations=40 (full 0):
 garbage-first heap   total 186368K, used 119431K [0x0000000082600000, 0x0000000100000000)
  region size 1024K, 2 young (2048K), 2 survivors (2048K)
 Metaspace       used 79369K, committed 80128K, reserved 1179648K
  class space    used 8201K, committed 8576K, reserved 1048576K
}

